<?xml version="1.0" encoding="UTF-8"?><testsuite errors="0" failures="2" name="org.icrc.fadapplic.IRIS.FAD.AccountsPayable.SupplierCreation" skipped="2" tests="8" time="494.55" timestamp="2022-12-23 07:06:55"><testcase classname="org.icrc.fadapplic.IRIS.FAD.AccountsPayable.SupplierCreation" name="View a supplier"/><testcase classname="org.icrc.fadapplic.IRIS.FAD.AccountsPayable.SupplierCreation" name="Supplier creation"><skipped/></testcase><testcase classname="org.icrc.fadapplic.IRIS.FAD.AccountsPayable.SupplierCreation" name="Edit a supplier"/><testcase classname="org.icrc.fadapplic.IRIS.FAD.AccountsPayable.SupplierCreation" name="Manage bank account"><skipped/></testcase><testcase classname="org.icrc.fadapplic.IRIS.FAD.AccountsPayable.SupplierCreation" name="Payment terms update"/><testcase classname="org.icrc.fadapplic.IRIS.FAD.AccountsPayable.SupplierCreation" name="Search a supplier"><failure type="java.lang.AssertionError"/><system-err>null&#13;
steps.IRIS.FAD.SupplierCreationSteps.then_a_search_result_should_show_up_containing_supplier(SupplierCreationSteps.java:150)&#13;
org.icrc.fadapplic.IRIS.FAD.AccountsPayable.SupplierCreation.searchASupplier(SupplierCreation.java:475)&#13;
</system-err></testcase><testcase classname="org.icrc.fadapplic.IRIS.FAD.AccountsPayable.SupplierCreation" name="Validate or deactivate a supplier"><failure type="java.lang.AssertionError"/><system-err>null&#13;
steps.IRIS.FAD.SupplierCreationSteps.then_a_search_result_should_show_up_containing_supplier(SupplierCreationSteps.java:150)&#13;
org.icrc.fadapplic.IRIS.FAD.AccountsPayable.SupplierCreation.validateOrDeactivateASupplier(SupplierCreation.java:277)&#13;
</system-err></testcase><testcase classname="org.icrc.fadapplic.IRIS.FAD.AccountsPayable.SupplierCreation" name="Supplier and supplier master creation"/></testsuite>