<?xml version="1.0" encoding="UTF-8"?><testsuite errors="0" failures="1" name="org.icrc.fadapplic.IRIS.FAD.GeneralLedger.GeneralLedgerEntries" skipped="0" tests="2" time="191.84" timestamp="2022-12-23 08:41:05"><testcase classname="org.icrc.fadapplic.IRIS.FAD.GeneralLedger.GeneralLedgerEntries" name="Create general ledger entry using sustainability accounts"><failure message="expected:&lt;[,]PREMISE CODE/CONSUMP...&gt; but was:&lt;[]PREMISE CODE/CONSUMP...&gt;" type="org.junit.ComparisonFailure">expected:&lt;[,]PREMISE CODE/CONSUMP...&gt; but was:&lt;[]PREMISE CODE/CONSUMP...&gt;</failure><system-err>expected:&lt;[,]PREMISE CODE/CONSUMP...&gt; but was:&lt;[]PREMISE CODE/CONSUMP...&gt;&#13;
steps.IRIS.FAD.GeneralLedgerEntrySteps.then_the_Line_Description_placeholder_should_be(GeneralLedgerEntrySteps.java:137)&#13;
org.icrc.fadapplic.IRIS.FAD.GeneralLedger.GeneralLedgerEntries.createGeneralLedgerEntryUsingSustainabilityAccounts(GeneralLedgerEntries.java:172)&#13;
</system-err></testcase><testcase classname="org.icrc.fadapplic.IRIS.FAD.GeneralLedger.GeneralLedgerEntries" name="Create general ledger entry"/></testsuite>