<?xml version="1.0" encoding="UTF-8"?><testsuite errors="0" failures="1" name="org.icrc.fadapplic.IRIS.FAD.GeneralLedger.MonthlyStatisticalEntries" skipped="0" tests="1" time="38.88" timestamp="2022-12-23 08:48:28"><testcase classname="org.icrc.fadapplic.IRIS.FAD.GeneralLedger.MonthlyStatisticalEntries" name="Create monthly statistical entry"><failure message="expected:&lt;Statistical Entry [Details ]- Monthly&gt; but was:&lt;Statistical Entry []- Monthly&gt;" type="org.junit.ComparisonFailure">expected:&lt;Statistical Entry [Details ]- Monthly&gt; but was:&lt;Statistical Entry []- Monthly&gt;</failure><system-err>expected:&lt;Statistical Entry [Details ]- Monthly&gt; but was:&lt;Statistical Entry []- Monthly&gt;&#13;
steps.IRIS.FAD.MonthlyStatisticalEntriesSteps.then_the_Statistical_Entry_Details_Monthly_should_show_up(MonthlyStatisticalEntriesSteps.java:39)&#13;
org.icrc.fadapplic.IRIS.FAD.GeneralLedger.MonthlyStatisticalEntries.createMonthlyStatisticalEntry(MonthlyStatisticalEntries.java:46)&#13;
</system-err></testcase></testsuite>