<?xml version="1.0" encoding="UTF-8"?><testsuite errors="1" failures="0" name="org.icrc.fadapplic.IRIS.FAD.AccountsPayable.PreRegistration" skipped="0" tests="6" time="822.37" timestamp="2022-10-20 06:33:58"><testcase classname="org.icrc.fadapplic.IRIS.FAD.AccountsPayable.PreRegistration" name="Pre logging and gl distribution voucher match"><error message="Expected condition failed: waiting for visibility of all elements located by By.xpath: //div[@class = 'redistribution-voucher tile'] (tried for 10 second(s) with 100 milliseconds interval)&#10;Build info: version: '3.141.59', revision: 'e82be7d358', time: '2018-11-14T08:17:03'&#10;System info: host: 'PCS13345', ip: '192.168.55.102', os.name: 'Windows 10', os.arch: 'amd64', os.version: '10.0', java.version: '1.8.0_291'&#10;Driver info: net.thucydides.core.webdriver.WebDriverFacade" type="org.openqa.selenium.TimeoutException">Expected condition failed: waiting for visibility of all elements located by By.xpath: //div[@class = 'redistribution-voucher tile'] (tried for 10 second(s) with 100 milliseconds interval)
Build info: version: '3.141.59', revision: 'e82be7d358', time: '2018-11-14T08:17:03'
System info: host: 'PCS13345', ip: '192.168.55.102', os.name: 'Windows 10', os.arch: 'amd64', os.version: '10.0', java.version: '1.8.0_291'
Driver info: net.thucydides.core.webdriver.WebDriverFacade</error><system-err>Expected condition failed: waiting for visibility of all elements located by By.xpath: //div[@class = 'redistribution-voucher tile'] (tried for 10 second(s) with 100 milliseconds interval)
Build info: version: '3.141.59', revision: 'e82be7d358', time: '2018-11-14T08:17:03'
System info: host: 'PCS13345', ip: '192.168.55.102', os.name: 'Windows 10', os.arch: 'amd64', os.version: '10.0', java.version: '1.8.0_291'
Driver info: net.thucydides.core.webdriver.WebDriverFacade&#13;
utils.ExplicitWait.explicitlyWaitForVisibilityOfAllElements(ExplicitWait.java:94)&#13;
pageobjects.IRIS.FAD.GLDistributionPage.getDistributionVoucherItem(GLDistributionPage.java:43)&#13;
pageobjects.IRIS.FAD.GLDistributionPage.clickGLDistributionButtonFromResult(GLDistributionPage.java:33)&#13;
steps.IRIS.FAD.GLDistributionSteps.when_I_click_the_GL_Distribution_button_from_the_first_search_result(GLDistributionSteps.java:47)&#13;
org.icrc.fadapplic.IRIS.FAD.AccountsPayable.PreRegistration.preLoggingAndGlDistributionVoucherMatch(PreRegistration.java:124)&#13;
</system-err></testcase><testcase classname="org.icrc.fadapplic.IRIS.FAD.AccountsPayable.PreRegistration" name="Pre logging multi docs"/><testcase classname="org.icrc.fadapplic.IRIS.FAD.AccountsPayable.PreRegistration" name="Pre logging"/><testcase classname="org.icrc.fadapplic.IRIS.FAD.AccountsPayable.PreRegistration" name="Pre logging with tax rate rounded"/><testcase classname="org.icrc.fadapplic.IRIS.FAD.AccountsPayable.PreRegistration" name="Pre logging simple"/><testcase classname="org.icrc.fadapplic.IRIS.FAD.AccountsPayable.PreRegistration" name="Pre logging with tax rate"/></testsuite>