<?xml version="1.0" encoding="UTF-8"?><testsuite errors="0" failures="3" name="org.icrc.fadapplic.IRIS.FAD.AccountsPayable.UnbilledPOReceipts" skipped="0" tests="6" time="431.7" timestamp="2022-11-09 07:42:05"><testcase classname="org.icrc.fadapplic.IRIS.FAD.AccountsPayable.UnbilledPOReceipts" name="Close unbilled PO receipt"/><testcase classname="org.icrc.fadapplic.IRIS.FAD.AccountsPayable.UnbilledPOReceipts" name="Matching receipt"><failure type="java.lang.AssertionError"/><system-err>null&#13;
steps.IRIS.FAD.MatchingReceiptSteps.then_the_voucher_search_results_should_show_up(MatchingReceiptSteps.java:45)&#13;
org.icrc.fadapplic.IRIS.FAD.AccountsPayable.UnbilledPOReceipts.matchingReceipt(UnbilledPOReceipts.java:107)&#13;
</system-err></testcase><testcase classname="org.icrc.fadapplic.IRIS.FAD.AccountsPayable.UnbilledPOReceipts" name="Unbilled PO matching receipts"><failure type="java.lang.AssertionError"/><system-err>null&#13;
steps.IRIS.FAD.MatchingReceiptSteps.then_the_voucher_search_results_should_show_up(MatchingReceiptSteps.java:45)&#13;
org.icrc.fadapplic.IRIS.FAD.AccountsPayable.UnbilledPOReceipts.unbilledPOMatchingReceipts(UnbilledPOReceipts.java:255)&#13;
</system-err></testcase><testcase classname="org.icrc.fadapplic.IRIS.FAD.AccountsPayable.UnbilledPOReceipts" name="Matching receipt with DA"><failure type="java.lang.AssertionError"/><system-err>null&#13;
steps.IRIS.FAD.MatchingReceiptSteps.then_the_voucher_search_results_should_show_up(MatchingReceiptSteps.java:45)&#13;
org.icrc.fadapplic.IRIS.FAD.AccountsPayable.UnbilledPOReceipts.matchingReceiptWithDA(UnbilledPOReceipts.java:307)&#13;
</system-err></testcase><testcase classname="org.icrc.fadapplic.IRIS.FAD.AccountsPayable.UnbilledPOReceipts" name="Matching receipt validate"/><testcase classname="org.icrc.fadapplic.IRIS.FAD.AccountsPayable.UnbilledPOReceipts" name="Unbilled POCUPR simple"/></testsuite>