<?xml version="1.0" encoding="UTF-8"?><testsuite errors="2" failures="4" name="org.icrc.fadapplic.IRIS.FAD.AccountsPayable.UnbilledPOReceipts" skipped="0" tests="6" time="454.57" timestamp="2022-12-21 09:54:34"><testcase classname="org.icrc.fadapplic.IRIS.FAD.AccountsPayable.UnbilledPOReceipts" name="Close unbilled PO receipt"><error message="Expected condition failed: waiting for visibility of element located by By.xpath: //div[contains(@class, 'modal') and contains(@style, 'left: 0px')]//h3 (tried for 20 second(s) with 100 milliseconds interval)" type="org.openqa.selenium.TimeoutException">Expected condition failed: waiting for visibility of element located by By.xpath: //div[contains(@class, 'modal') and contains(@style, 'left: 0px')]//h3 (tried for 20 second(s) with 100 milliseconds interval)</error><system-err>Expected condition failed: waiting for visibility of element located by By.xpath: //div[contains(@class, 'modal') and contains(@style, 'left: 0px')]//h3 (tried for 20 second(s) with 100 milliseconds interval)&#13;
utils.ExplicitWait.explicitlyWaitForVisibilityOfElement(ExplicitWait.java:30)&#13;
pageobjects.IRIS.FAD.FADModalPage.getModalTitle(FADModalPage.java:21)&#13;
steps.IRIS.FAD.CloseUnbilledPOReceiptsSteps.then_the_CUPR_Payment_Successfully_Created_modal_should_show_up(CloseUnbilledPOReceiptsSteps.java:75)&#13;
org.icrc.fadapplic.IRIS.FAD.AccountsPayable.UnbilledPOReceipts.closeUnbilledPOReceipt(UnbilledPOReceipts.java:68)&#13;
</system-err></testcase><testcase classname="org.icrc.fadapplic.IRIS.FAD.AccountsPayable.UnbilledPOReceipts" name="Matching receipt"><failure type="java.lang.AssertionError"/><system-err>null&#13;
steps.IRIS.FAD.MatchingReceiptSteps.then_the_voucher_search_results_should_show_up(MatchingReceiptSteps.java:45)&#13;
org.icrc.fadapplic.IRIS.FAD.AccountsPayable.UnbilledPOReceipts.matchingReceipt(UnbilledPOReceipts.java:107)&#13;
</system-err></testcase><testcase classname="org.icrc.fadapplic.IRIS.FAD.AccountsPayable.UnbilledPOReceipts" name="Unbilled PO matching receipts"><failure type="java.lang.AssertionError"/><system-err>null&#13;
steps.IRIS.FAD.MatchingReceiptSteps.then_the_voucher_search_results_should_show_up(MatchingReceiptSteps.java:45)&#13;
org.icrc.fadapplic.IRIS.FAD.AccountsPayable.UnbilledPOReceipts.unbilledPOMatchingReceipts(UnbilledPOReceipts.java:255)&#13;
</system-err></testcase><testcase classname="org.icrc.fadapplic.IRIS.FAD.AccountsPayable.UnbilledPOReceipts" name="Matching receipt with DA"><failure type="java.lang.AssertionError"/><system-err>null&#13;
steps.IRIS.FAD.MatchingReceiptSteps.then_the_voucher_search_results_should_show_up(MatchingReceiptSteps.java:45)&#13;
org.icrc.fadapplic.IRIS.FAD.AccountsPayable.UnbilledPOReceipts.matchingReceiptWithDA(UnbilledPOReceipts.java:307)&#13;
</system-err></testcase><testcase classname="org.icrc.fadapplic.IRIS.FAD.AccountsPayable.UnbilledPOReceipts" name="Matching receipt validate"><failure message="expected:&lt;Payment [Amount]&gt; but was:&lt;Payment [Information]&gt;" type="org.junit.ComparisonFailure">expected:&lt;Payment [Amount]&gt; but was:&lt;Payment [Information]&gt;</failure><system-err>expected:&lt;Payment [Amount]&gt; but was:&lt;Payment [Information]&gt;&#13;
steps.IRIS.FAD.MatchingReceiptSteps.then_the_Payment_Amount_form_and_its_contents_should_show_up(MatchingReceiptSteps.java:77)&#13;
org.icrc.fadapplic.IRIS.FAD.AccountsPayable.UnbilledPOReceipts.matchingReceiptValidate(UnbilledPOReceipts.java:223)&#13;
</system-err></testcase><testcase classname="org.icrc.fadapplic.IRIS.FAD.AccountsPayable.UnbilledPOReceipts" name="Unbilled POCUPR simple"><error message="Expected condition failed: waiting for visibility of element located by By.xpath: //div[contains(@class, 'modal') and contains(@style, 'left: 0px')]//h3 (tried for 20 second(s) with 100 milliseconds interval)" type="org.openqa.selenium.TimeoutException">Expected condition failed: waiting for visibility of element located by By.xpath: //div[contains(@class, 'modal') and contains(@style, 'left: 0px')]//h3 (tried for 20 second(s) with 100 milliseconds interval)</error><system-err>Expected condition failed: waiting for visibility of element located by By.xpath: //div[contains(@class, 'modal') and contains(@style, 'left: 0px')]//h3 (tried for 20 second(s) with 100 milliseconds interval)&#13;
utils.ExplicitWait.explicitlyWaitForVisibilityOfElement(ExplicitWait.java:30)&#13;
pageobjects.IRIS.FAD.FADModalPage.getModalTitle(FADModalPage.java:21)&#13;
steps.IRIS.FAD.CloseUnbilledPOReceiptsSteps.then_the_CUPR_Payment_Successfully_Created_modal_should_show_up(CloseUnbilledPOReceiptsSteps.java:75)&#13;
org.icrc.fadapplic.IRIS.FAD.AccountsPayable.UnbilledPOReceipts.unbilledPOCUPRSimple(UnbilledPOReceipts.java:179)&#13;
</system-err></testcase></testsuite>