<?xml version="1.0" encoding="UTF-8"?><testsuite errors="1" failures="0" name="org.icrc.fadapplic.IRIS.FAD.GeneralLedger.BatchPosting" skipped="0" tests="2" time="339.47" timestamp="2022-11-11 02:48:48"><testcase classname="org.icrc.fadapplic.IRIS.FAD.GeneralLedger.BatchPosting" name="Batch posting voiding process"><error message="Expected condition failed: waiting for visibility of all elements located by By.xpath:   //div//table[contains(@class,'table')]//tbody//tr[contains(@class, 'table')][1]//td[7]//div[@class='form-item']//div[contains(@class, 'Select-option')] (tried for 120 second(s) with 100 milliseconds interval)&#10;Build info: version: '3.141.59', revision: 'e82be7d358', time: '2018-11-14T08:17:03'&#10;System info: host: 'PCS13345', ip: '192.168.55.106', os.name: 'Windows 10', os.arch: 'amd64', os.version: '10.0', java.version: '1.8.0_291'&#10;Driver info: net.thucydides.core.webdriver.WebDriverFacade" type="org.openqa.selenium.TimeoutException">Expected condition failed: waiting for visibility of all elements located by By.xpath:   //div//table[contains(@class,'table')]//tbody//tr[contains(@class, 'table')][1]//td[7]//div[@class='form-item']//div[contains(@class, 'Select-option')] (tried for 120 second(s) with 100 milliseconds interval)
Build info: version: '3.141.59', revision: 'e82be7d358', time: '2018-11-14T08:17:03'
System info: host: 'PCS13345', ip: '192.168.55.106', os.name: 'Windows 10', os.arch: 'amd64', os.version: '10.0', java.version: '1.8.0_291'
Driver info: net.thucydides.core.webdriver.WebDriverFacade</error><system-err>Expected condition failed: waiting for visibility of all elements located by By.xpath:   //div//table[contains(@class,'table')]//tbody//tr[contains(@class, 'table')][1]//td[7]//div[@class='form-item']//div[contains(@class, 'Select-option')] (tried for 120 second(s) with 100 milliseconds interval)
Build info: version: '3.141.59', revision: 'e82be7d358', time: '2018-11-14T08:17:03'
System info: host: 'PCS13345', ip: '192.168.55.106', os.name: 'Windows 10', os.arch: 'amd64', os.version: '10.0', java.version: '1.8.0_291'
Driver info: net.thucydides.core.webdriver.WebDriverFacade&#13;
utils.ExplicitWait.explicitlyWaitForVisibilityOfAllElements(ExplicitWait.java:94)&#13;
pageobjects.IRIS.FAD.FADGenericPage.selectDropdownOption(FADGenericPage.java:81)&#13;
pageobjects.IRIS.FAD.FADGenericPage.selectDropdownOption(FADGenericPage.java:117)&#13;
pageobjects.IRIS.FAD.FADGenericPage.typeAndSelectDropdownOption(FADGenericPage.java:142)&#13;
pageobjects.IRIS.FAD.FADGenericPage.setDropDownValueFromTable(FADGenericPage.java:317)&#13;
pageobjects.IRIS.FAD.FADGenericPage.setDropDownValueFromTable(FADGenericPage.java:313)&#13;
pageobjects.IRIS.FAD.GeneralLedgerEntryPage.setGeneralObjFromGLDistributionTable(GeneralLedgerEntryPage.java:43)&#13;
steps.IRIS.FAD.GeneralLedgerEntrySteps.when_I_set_the_General_Obj(GeneralLedgerEntrySteps.java:61)&#13;
org.icrc.fadapplic.IRIS.FAD.GeneralLedger.BatchPosting.batchPostingVoidingProcess(BatchPosting.java:131)&#13;
</system-err></testcase><testcase classname="org.icrc.fadapplic.IRIS.FAD.GeneralLedger.BatchPosting" name="Batch posting general ledger entry"/></testsuite>