<?xml version="1.0" encoding="UTF-8"?><testsuite errors="5" failures="0" name="org.icrc.fadapplic.IRIS.FAD.AccountsPayable.PreRegistration" skipped="0" tests="6" time="135.92" timestamp="2022-11-11 12:37:15"><testcase classname="org.icrc.fadapplic.IRIS.FAD.AccountsPayable.PreRegistration" name="Pre logging and gl distribution voucher match"><error message="The following error occurred: unknown error: net::ERR_NAME_NOT_RESOLVED&#10;  (Session info: headless chrome=107.0.5304.106)&#10;Build info: version: '3.141.59', revision: 'e82be7d358', time: '2018-11-14T08:17:03'&#10;System info: host: 'PCS13345', ip: '192.168.55.106', os.name: 'Windows 10', os.arch: 'amd64', os.version: '10.0', java.version: '1.8.0_291'&#10;Driver info: org.openqa.selenium.chrome.ChromeDriver&#10;Capabilities {acceptInsecureCerts: false, browserName: chrome, browserVersion: 107.0.5304.106, chrome: {chromedriverVersion: 106.0.5249.61 (511755355844..., userDataDir: C:\Users\A734509\AppData\Lo...}, goog:chromeOptions: {debuggerAddress: localhost:64351}, javascriptEnabled: true, networkConnectionEnabled: false, pageLoadStrategy: normal, platform: WINDOWS, platformName: WINDOWS, proxy: Proxy(), setWindowRect: true, strictFileInteractability: false, timeouts: {implicit: 0, pageLoad: 300000, script: 30000}, unhandledPromptBehavior: dismiss and notify, webauthn:extension:credBlob: true, webauthn:extension:largeBlob: true, webauthn:virtualAuthenticators: true}&#10;Session ID: ed9ffce7f3411e51124308d29625a405" type="org.openqa.selenium.WebDriverException">The following error occurred: unknown error: net::ERR_NAME_NOT_RESOLVED
  (Session info: headless chrome=107.0.5304.106)
Build info: version: '3.141.59', revision: 'e82be7d358', time: '2018-11-14T08:17:03'
System info: host: 'PCS13345', ip: '192.168.55.106', os.name: 'Windows 10', os.arch: 'amd64', os.version: '10.0', java.version: '1.8.0_291'
Driver info: org.openqa.selenium.chrome.ChromeDriver
Capabilities {acceptInsecureCerts: false, browserName: chrome, browserVersion: 107.0.5304.106, chrome: {chromedriverVersion: 106.0.5249.61 (511755355844..., userDataDir: C:\Users\A734509\AppData\Lo...}, goog:chromeOptions: {debuggerAddress: localhost:64351}, javascriptEnabled: true, networkConnectionEnabled: false, pageLoadStrategy: normal, platform: WINDOWS, platformName: WINDOWS, proxy: Proxy(), setWindowRect: true, strictFileInteractability: false, timeouts: {implicit: 0, pageLoad: 300000, script: 30000}, unhandledPromptBehavior: dismiss and notify, webauthn:extension:credBlob: true, webauthn:extension:largeBlob: true, webauthn:virtualAuthenticators: true}
Session ID: ed9ffce7f3411e51124308d29625a405</error><system-err>The following error occurred: unknown error: net::ERR_NAME_NOT_RESOLVED
  (Session info: headless chrome=107.0.5304.106)
Build info: version: '3.141.59', revision: 'e82be7d358', time: '2018-11-14T08:17:03'
System info: host: 'PCS13345', ip: '192.168.55.106', os.name: 'Windows 10', os.arch: 'amd64', os.version: '10.0', java.version: '1.8.0_291'
Driver info: org.openqa.selenium.chrome.ChromeDriver
Capabilities {acceptInsecureCerts: false, browserName: chrome, browserVersion: 107.0.5304.106, chrome: {chromedriverVersion: 106.0.5249.61 (511755355844..., userDataDir: C:\Users\A734509\AppData\Lo...}, goog:chromeOptions: {debuggerAddress: localhost:64351}, javascriptEnabled: true, networkConnectionEnabled: false, pageLoadStrategy: normal, platform: WINDOWS, platformName: WINDOWS, proxy: Proxy(), setWindowRect: true, strictFileInteractability: false, timeouts: {implicit: 0, pageLoad: 300000, script: 30000}, unhandledPromptBehavior: dismiss and notify, webauthn:extension:credBlob: true, webauthn:extension:largeBlob: true, webauthn:virtualAuthenticators: true}
Session ID: ed9ffce7f3411e51124308d29625a405&#13;
pageobjects.IRIS.LOG.Helpers.GenericPage.openUrl(GenericPage.java:47)&#13;
steps.IRIS.FAD.FADGenericSteps.when_I_open_FAD_URL(FADGenericSteps.java:16)&#13;
steps.IRIS.FAD.PreLoggingSteps.given_that_Im_logged_in_to_PreLogging_page(PreLoggingSteps.java:21)&#13;
org.icrc.fadapplic.IRIS.FAD.AccountsPayable.PreRegistration.preLoggingAndGlDistributionVoucherMatch(PreRegistration.java:80)&#13;
</system-err></testcase><testcase classname="org.icrc.fadapplic.IRIS.FAD.AccountsPayable.PreRegistration" name="Pre logging multi docs"><error message="The following error occurred: unknown error: net::ERR_NAME_NOT_RESOLVED&#10;  (Session info: headless chrome=107.0.5304.106)&#10;Build info: version: '3.141.59', revision: 'e82be7d358', time: '2018-11-14T08:17:03'&#10;System info: host: 'PCS13345', ip: '192.168.55.106', os.name: 'Windows 10', os.arch: 'amd64', os.version: '10.0', java.version: '1.8.0_291'&#10;Driver info: org.openqa.selenium.chrome.ChromeDriver&#10;Capabilities {acceptInsecureCerts: false, browserName: chrome, browserVersion: 107.0.5304.106, chrome: {chromedriverVersion: 106.0.5249.61 (511755355844..., userDataDir: C:\Users\A734509\AppData\Lo...}, goog:chromeOptions: {debuggerAddress: localhost:62610}, javascriptEnabled: true, networkConnectionEnabled: false, pageLoadStrategy: normal, platform: WINDOWS, platformName: WINDOWS, proxy: Proxy(), setWindowRect: true, strictFileInteractability: false, timeouts: {implicit: 0, pageLoad: 300000, script: 30000}, unhandledPromptBehavior: dismiss and notify, webauthn:extension:credBlob: true, webauthn:extension:largeBlob: true, webauthn:virtualAuthenticators: true}&#10;Session ID: 47a0bf6374f8323fd9a05368f2c97d4a" type="org.openqa.selenium.WebDriverException">The following error occurred: unknown error: net::ERR_NAME_NOT_RESOLVED
  (Session info: headless chrome=107.0.5304.106)
Build info: version: '3.141.59', revision: 'e82be7d358', time: '2018-11-14T08:17:03'
System info: host: 'PCS13345', ip: '192.168.55.106', os.name: 'Windows 10', os.arch: 'amd64', os.version: '10.0', java.version: '1.8.0_291'
Driver info: org.openqa.selenium.chrome.ChromeDriver
Capabilities {acceptInsecureCerts: false, browserName: chrome, browserVersion: 107.0.5304.106, chrome: {chromedriverVersion: 106.0.5249.61 (511755355844..., userDataDir: C:\Users\A734509\AppData\Lo...}, goog:chromeOptions: {debuggerAddress: localhost:62610}, javascriptEnabled: true, networkConnectionEnabled: false, pageLoadStrategy: normal, platform: WINDOWS, platformName: WINDOWS, proxy: Proxy(), setWindowRect: true, strictFileInteractability: false, timeouts: {implicit: 0, pageLoad: 300000, script: 30000}, unhandledPromptBehavior: dismiss and notify, webauthn:extension:credBlob: true, webauthn:extension:largeBlob: true, webauthn:virtualAuthenticators: true}
Session ID: 47a0bf6374f8323fd9a05368f2c97d4a</error><system-err>The following error occurred: unknown error: net::ERR_NAME_NOT_RESOLVED
  (Session info: headless chrome=107.0.5304.106)
Build info: version: '3.141.59', revision: 'e82be7d358', time: '2018-11-14T08:17:03'
System info: host: 'PCS13345', ip: '192.168.55.106', os.name: 'Windows 10', os.arch: 'amd64', os.version: '10.0', java.version: '1.8.0_291'
Driver info: org.openqa.selenium.chrome.ChromeDriver
Capabilities {acceptInsecureCerts: false, browserName: chrome, browserVersion: 107.0.5304.106, chrome: {chromedriverVersion: 106.0.5249.61 (511755355844..., userDataDir: C:\Users\A734509\AppData\Lo...}, goog:chromeOptions: {debuggerAddress: localhost:62610}, javascriptEnabled: true, networkConnectionEnabled: false, pageLoadStrategy: normal, platform: WINDOWS, platformName: WINDOWS, proxy: Proxy(), setWindowRect: true, strictFileInteractability: false, timeouts: {implicit: 0, pageLoad: 300000, script: 30000}, unhandledPromptBehavior: dismiss and notify, webauthn:extension:credBlob: true, webauthn:extension:largeBlob: true, webauthn:virtualAuthenticators: true}
Session ID: 47a0bf6374f8323fd9a05368f2c97d4a&#13;
pageobjects.IRIS.LOG.Helpers.GenericPage.openUrl(GenericPage.java:47)&#13;
steps.IRIS.FAD.FADGenericSteps.when_I_open_FAD_URL(FADGenericSteps.java:16)&#13;
steps.IRIS.FAD.PreLoggingSteps.given_that_Im_logged_in_to_PreLogging_page(PreLoggingSteps.java:21)&#13;
org.icrc.fadapplic.IRIS.FAD.AccountsPayable.PreRegistration.preLoggingMultiDocs(PreRegistration.java:320)&#13;
</system-err></testcase><testcase classname="org.icrc.fadapplic.IRIS.FAD.AccountsPayable.PreRegistration" name="Pre logging"><error message="The following error occurred: unknown error: net::ERR_NAME_NOT_RESOLVED&#10;  (Session info: headless chrome=107.0.5304.106)&#10;Build info: version: '3.141.59', revision: 'e82be7d358', time: '2018-11-14T08:17:03'&#10;System info: host: 'PCS13345', ip: '192.168.55.106', os.name: 'Windows 10', os.arch: 'amd64', os.version: '10.0', java.version: '1.8.0_291'&#10;Driver info: org.openqa.selenium.chrome.ChromeDriver&#10;Capabilities {acceptInsecureCerts: false, browserName: chrome, browserVersion: 107.0.5304.106, chrome: {chromedriverVersion: 106.0.5249.61 (511755355844..., userDataDir: C:\Users\A734509\AppData\Lo...}, goog:chromeOptions: {debuggerAddress: localhost:62622}, javascriptEnabled: true, networkConnectionEnabled: false, pageLoadStrategy: normal, platform: WINDOWS, platformName: WINDOWS, proxy: Proxy(), setWindowRect: true, strictFileInteractability: false, timeouts: {implicit: 0, pageLoad: 300000, script: 30000}, unhandledPromptBehavior: dismiss and notify, webauthn:extension:credBlob: true, webauthn:extension:largeBlob: true, webauthn:virtualAuthenticators: true}&#10;Session ID: 4ed089002df702c22bd93e088d30d083" type="org.openqa.selenium.WebDriverException">The following error occurred: unknown error: net::ERR_NAME_NOT_RESOLVED
  (Session info: headless chrome=107.0.5304.106)
Build info: version: '3.141.59', revision: 'e82be7d358', time: '2018-11-14T08:17:03'
System info: host: 'PCS13345', ip: '192.168.55.106', os.name: 'Windows 10', os.arch: 'amd64', os.version: '10.0', java.version: '1.8.0_291'
Driver info: org.openqa.selenium.chrome.ChromeDriver
Capabilities {acceptInsecureCerts: false, browserName: chrome, browserVersion: 107.0.5304.106, chrome: {chromedriverVersion: 106.0.5249.61 (511755355844..., userDataDir: C:\Users\A734509\AppData\Lo...}, goog:chromeOptions: {debuggerAddress: localhost:62622}, javascriptEnabled: true, networkConnectionEnabled: false, pageLoadStrategy: normal, platform: WINDOWS, platformName: WINDOWS, proxy: Proxy(), setWindowRect: true, strictFileInteractability: false, timeouts: {implicit: 0, pageLoad: 300000, script: 30000}, unhandledPromptBehavior: dismiss and notify, webauthn:extension:credBlob: true, webauthn:extension:largeBlob: true, webauthn:virtualAuthenticators: true}
Session ID: 4ed089002df702c22bd93e088d30d083</error><system-err>The following error occurred: unknown error: net::ERR_NAME_NOT_RESOLVED
  (Session info: headless chrome=107.0.5304.106)
Build info: version: '3.141.59', revision: 'e82be7d358', time: '2018-11-14T08:17:03'
System info: host: 'PCS13345', ip: '192.168.55.106', os.name: 'Windows 10', os.arch: 'amd64', os.version: '10.0', java.version: '1.8.0_291'
Driver info: org.openqa.selenium.chrome.ChromeDriver
Capabilities {acceptInsecureCerts: false, browserName: chrome, browserVersion: 107.0.5304.106, chrome: {chromedriverVersion: 106.0.5249.61 (511755355844..., userDataDir: C:\Users\A734509\AppData\Lo...}, goog:chromeOptions: {debuggerAddress: localhost:62622}, javascriptEnabled: true, networkConnectionEnabled: false, pageLoadStrategy: normal, platform: WINDOWS, platformName: WINDOWS, proxy: Proxy(), setWindowRect: true, strictFileInteractability: false, timeouts: {implicit: 0, pageLoad: 300000, script: 30000}, unhandledPromptBehavior: dismiss and notify, webauthn:extension:credBlob: true, webauthn:extension:largeBlob: true, webauthn:virtualAuthenticators: true}
Session ID: 4ed089002df702c22bd93e088d30d083&#13;
pageobjects.IRIS.LOG.Helpers.GenericPage.openUrl(GenericPage.java:47)&#13;
steps.IRIS.FAD.FADGenericSteps.when_I_open_FAD_URL(FADGenericSteps.java:16)&#13;
steps.IRIS.FAD.PreLoggingSteps.given_that_Im_logged_in_to_PreLogging_page(PreLoggingSteps.java:21)&#13;
org.icrc.fadapplic.IRIS.FAD.AccountsPayable.PreRegistration.preLogging(PreRegistration.java:163)&#13;
</system-err></testcase><testcase classname="org.icrc.fadapplic.IRIS.FAD.AccountsPayable.PreRegistration" name="Pre logging with tax rate rounded"><error message="The following error occurred: unknown error: net::ERR_NAME_NOT_RESOLVED&#10;  (Session info: headless chrome=107.0.5304.106)&#10;Build info: version: '3.141.59', revision: 'e82be7d358', time: '2018-11-14T08:17:03'&#10;System info: host: 'PCS13345', ip: '192.168.55.106', os.name: 'Windows 10', os.arch: 'amd64', os.version: '10.0', java.version: '1.8.0_291'&#10;Driver info: org.openqa.selenium.chrome.ChromeDriver&#10;Capabilities {acceptInsecureCerts: false, browserName: chrome, browserVersion: 107.0.5304.106, chrome: {chromedriverVersion: 106.0.5249.61 (511755355844..., userDataDir: C:\Users\A734509\AppData\Lo...}, goog:chromeOptions: {debuggerAddress: localhost:62633}, javascriptEnabled: true, networkConnectionEnabled: false, pageLoadStrategy: normal, platform: WINDOWS, platformName: WINDOWS, proxy: Proxy(), setWindowRect: true, strictFileInteractability: false, timeouts: {implicit: 0, pageLoad: 300000, script: 30000}, unhandledPromptBehavior: dismiss and notify, webauthn:extension:credBlob: true, webauthn:extension:largeBlob: true, webauthn:virtualAuthenticators: true}&#10;Session ID: 6d2786812aed85e81830a7dc1313a331" type="org.openqa.selenium.WebDriverException">The following error occurred: unknown error: net::ERR_NAME_NOT_RESOLVED
  (Session info: headless chrome=107.0.5304.106)
Build info: version: '3.141.59', revision: 'e82be7d358', time: '2018-11-14T08:17:03'
System info: host: 'PCS13345', ip: '192.168.55.106', os.name: 'Windows 10', os.arch: 'amd64', os.version: '10.0', java.version: '1.8.0_291'
Driver info: org.openqa.selenium.chrome.ChromeDriver
Capabilities {acceptInsecureCerts: false, browserName: chrome, browserVersion: 107.0.5304.106, chrome: {chromedriverVersion: 106.0.5249.61 (511755355844..., userDataDir: C:\Users\A734509\AppData\Lo...}, goog:chromeOptions: {debuggerAddress: localhost:62633}, javascriptEnabled: true, networkConnectionEnabled: false, pageLoadStrategy: normal, platform: WINDOWS, platformName: WINDOWS, proxy: Proxy(), setWindowRect: true, strictFileInteractability: false, timeouts: {implicit: 0, pageLoad: 300000, script: 30000}, unhandledPromptBehavior: dismiss and notify, webauthn:extension:credBlob: true, webauthn:extension:largeBlob: true, webauthn:virtualAuthenticators: true}
Session ID: 6d2786812aed85e81830a7dc1313a331</error><system-err>The following error occurred: unknown error: net::ERR_NAME_NOT_RESOLVED
  (Session info: headless chrome=107.0.5304.106)
Build info: version: '3.141.59', revision: 'e82be7d358', time: '2018-11-14T08:17:03'
System info: host: 'PCS13345', ip: '192.168.55.106', os.name: 'Windows 10', os.arch: 'amd64', os.version: '10.0', java.version: '1.8.0_291'
Driver info: org.openqa.selenium.chrome.ChromeDriver
Capabilities {acceptInsecureCerts: false, browserName: chrome, browserVersion: 107.0.5304.106, chrome: {chromedriverVersion: 106.0.5249.61 (511755355844..., userDataDir: C:\Users\A734509\AppData\Lo...}, goog:chromeOptions: {debuggerAddress: localhost:62633}, javascriptEnabled: true, networkConnectionEnabled: false, pageLoadStrategy: normal, platform: WINDOWS, platformName: WINDOWS, proxy: Proxy(), setWindowRect: true, strictFileInteractability: false, timeouts: {implicit: 0, pageLoad: 300000, script: 30000}, unhandledPromptBehavior: dismiss and notify, webauthn:extension:credBlob: true, webauthn:extension:largeBlob: true, webauthn:virtualAuthenticators: true}
Session ID: 6d2786812aed85e81830a7dc1313a331&#13;
pageobjects.IRIS.LOG.Helpers.GenericPage.openUrl(GenericPage.java:47)&#13;
steps.IRIS.FAD.FADGenericSteps.when_I_open_FAD_URL(FADGenericSteps.java:16)&#13;
steps.IRIS.FAD.PreLoggingSteps.given_that_Im_logged_in_to_PreLogging_page(PreLoggingSteps.java:21)&#13;
org.icrc.fadapplic.IRIS.FAD.AccountsPayable.PreRegistration.preLoggingWithTaxRateRounded(PreRegistration.java:456)&#13;
</system-err></testcase><testcase classname="org.icrc.fadapplic.IRIS.FAD.AccountsPayable.PreRegistration" name="Pre logging simple"><error message="The following error occurred: unknown error: net::ERR_NAME_NOT_RESOLVED&#10;  (Session info: headless chrome=107.0.5304.106)&#10;Build info: version: '3.141.59', revision: 'e82be7d358', time: '2018-11-14T08:17:03'&#10;System info: host: 'PCS13345', ip: '192.168.55.106', os.name: 'Windows 10', os.arch: 'amd64', os.version: '10.0', java.version: '1.8.0_291'&#10;Driver info: org.openqa.selenium.chrome.ChromeDriver&#10;Capabilities {acceptInsecureCerts: false, browserName: chrome, browserVersion: 107.0.5304.106, chrome: {chromedriverVersion: 106.0.5249.61 (511755355844..., userDataDir: C:\Users\A734509\AppData\Lo...}, goog:chromeOptions: {debuggerAddress: localhost:62644}, javascriptEnabled: true, networkConnectionEnabled: false, pageLoadStrategy: normal, platform: WINDOWS, platformName: WINDOWS, proxy: Proxy(), setWindowRect: true, strictFileInteractability: false, timeouts: {implicit: 0, pageLoad: 300000, script: 30000}, unhandledPromptBehavior: dismiss and notify, webauthn:extension:credBlob: true, webauthn:extension:largeBlob: true, webauthn:virtualAuthenticators: true}&#10;Session ID: d3b109d81e8ebd5f5dff83f1999748a5" type="org.openqa.selenium.WebDriverException">The following error occurred: unknown error: net::ERR_NAME_NOT_RESOLVED
  (Session info: headless chrome=107.0.5304.106)
Build info: version: '3.141.59', revision: 'e82be7d358', time: '2018-11-14T08:17:03'
System info: host: 'PCS13345', ip: '192.168.55.106', os.name: 'Windows 10', os.arch: 'amd64', os.version: '10.0', java.version: '1.8.0_291'
Driver info: org.openqa.selenium.chrome.ChromeDriver
Capabilities {acceptInsecureCerts: false, browserName: chrome, browserVersion: 107.0.5304.106, chrome: {chromedriverVersion: 106.0.5249.61 (511755355844..., userDataDir: C:\Users\A734509\AppData\Lo...}, goog:chromeOptions: {debuggerAddress: localhost:62644}, javascriptEnabled: true, networkConnectionEnabled: false, pageLoadStrategy: normal, platform: WINDOWS, platformName: WINDOWS, proxy: Proxy(), setWindowRect: true, strictFileInteractability: false, timeouts: {implicit: 0, pageLoad: 300000, script: 30000}, unhandledPromptBehavior: dismiss and notify, webauthn:extension:credBlob: true, webauthn:extension:largeBlob: true, webauthn:virtualAuthenticators: true}
Session ID: d3b109d81e8ebd5f5dff83f1999748a5</error><system-err>The following error occurred: unknown error: net::ERR_NAME_NOT_RESOLVED
  (Session info: headless chrome=107.0.5304.106)
Build info: version: '3.141.59', revision: 'e82be7d358', time: '2018-11-14T08:17:03'
System info: host: 'PCS13345', ip: '192.168.55.106', os.name: 'Windows 10', os.arch: 'amd64', os.version: '10.0', java.version: '1.8.0_291'
Driver info: org.openqa.selenium.chrome.ChromeDriver
Capabilities {acceptInsecureCerts: false, browserName: chrome, browserVersion: 107.0.5304.106, chrome: {chromedriverVersion: 106.0.5249.61 (511755355844..., userDataDir: C:\Users\A734509\AppData\Lo...}, goog:chromeOptions: {debuggerAddress: localhost:62644}, javascriptEnabled: true, networkConnectionEnabled: false, pageLoadStrategy: normal, platform: WINDOWS, platformName: WINDOWS, proxy: Proxy(), setWindowRect: true, strictFileInteractability: false, timeouts: {implicit: 0, pageLoad: 300000, script: 30000}, unhandledPromptBehavior: dismiss and notify, webauthn:extension:credBlob: true, webauthn:extension:largeBlob: true, webauthn:virtualAuthenticators: true}
Session ID: d3b109d81e8ebd5f5dff83f1999748a5&#13;
pageobjects.IRIS.LOG.Helpers.GenericPage.openUrl(GenericPage.java:47)&#13;
steps.IRIS.FAD.FADGenericSteps.when_I_open_FAD_URL(FADGenericSteps.java:16)&#13;
steps.IRIS.FAD.PreLoggingSteps.given_that_Im_logged_in_to_PreLogging_page(PreLoggingSteps.java:21)&#13;
org.icrc.fadapplic.IRIS.FAD.AccountsPayable.PreRegistration.preLoggingSimple(PreRegistration.java:528)&#13;
</system-err></testcase><testcase classname="org.icrc.fadapplic.IRIS.FAD.AccountsPayable.PreRegistration" name="Pre logging with tax rate"/></testsuite>